2025-09-03 14:59:50 | INFO | Processing message: I love Python!
2025-09-03 14:59:51 | INFO | Generated buzz: Kafka is awesome.
2025-09-03 14:59:51 | INFO | Sent message to topic 'buzzline': Kafka is awesome.
2025-09-03 14:59:51 | INFO | Processing message: Kafka is awesome.
2025-09-03 14:59:52 | INFO | Generated buzz: Streaming data is fun.
2025-09-03 14:59:52 | INFO | Sent message to topic 'buzzline': Streaming data is fun.
2025-09-03 14:59:52 | INFO | Processing message: Streaming data is fun.
2025-09-03 14:59:53 | INFO | Generated buzz: This is a buzz message.
2025-09-03 14:59:53 | INFO | Sent message to topic 'buzzline': This is a buzz message.
2025-09-03 14:59:53 | INFO | Processing message: This is a buzz message.
2025-09-03 14:59:54 | INFO | Generated buzz: Have a great day!
2025-09-03 14:59:54 | INFO | Sent message to topic 'buzzline': Have a great day!
2025-09-03 14:59:54 | INFO | Processing message: Have a great day!
2025-09-03 14:59:55 | INFO | Generated buzz: I love Python!
2025-09-03 14:59:55 | INFO | Sent message to topic 'buzzline': I love Python!
2025-09-03 14:59:55 | INFO | Processing message: I love Python!
2025-09-03 14:59:56 | INFO | Generated buzz: Kafka is awesome.
2025-09-03 14:59:56 | INFO | Sent message to topic 'buzzline': Kafka is awesome.
2025-09-03 14:59:56 | INFO | Processing message: Kafka is awesome.
2025-09-03 14:59:57 | INFO | Generated buzz: Streaming data is fun.
2025-09-03 14:59:57 | INFO | Sent message to topic 'buzzline': Streaming data is fun.
2025-09-03 14:59:57 | INFO | Processing message: Streaming data is fun.
2025-09-03 14:59:58 | INFO | Generated buzz: This is a buzz message.
2025-09-03 14:59:58 | INFO | Sent message to topic 'buzzline': This is a buzz message.
2025-09-03 14:59:58 | INFO | Processing message: This is a buzz message.
2025-09-03 14:59:59 | INFO | Generated buzz: Have a great day!
2025-09-03 14:59:59 | INFO | Sent message to topic 'buzzline': Have a great day!
2025-09-03 14:59:59 | INFO | Processing message: Have a great day!
2025-09-03 15:00:00 | INFO | Generated buzz: I love Python!
2025-09-03 15:00:00 | INFO | Sent message to topic 'buzzline': I love Python!
2025-09-03 15:00:00 | INFO | Processing message: I love Python!
2025-09-03 15:00:01 | INFO | Generated buzz: Kafka is awesome.
2025-09-03 15:00:01 | INFO | Sent message to topic 'buzzline': Kafka is awesome.
2025-09-03 15:00:01 | INFO | Processing message: Kafka is awesome.
2025-09-03 15:00:02 | INFO | Generated buzz: Streaming data is fun.
2025-09-03 15:00:02 | INFO | Sent message to topic 'buzzline': Streaming data is fun.
2025-09-03 15:00:02 | INFO | Processing message: Streaming data is fun.
2025-09-03 15:00:03 | INFO | Generated buzz: This is a buzz message.
2025-09-03 15:00:03 | INFO | Sent message to topic 'buzzline': This is a buzz message.
2025-09-03 15:00:03 | INFO | Processing message: This is a buzz message.
2025-09-03 15:00:04 | INFO | Generated buzz: Have a great day!
2025-09-03 15:00:04 | INFO | Sent message to topic 'buzzline': Have a great day!
2025-09-03 15:00:04 | INFO | Processing message: Have a great day!
2025-09-03 15:00:05 | INFO | Generated buzz: I love Python!
2025-09-03 15:00:05 | INFO | Sent message to topic 'buzzline': I love Python!
2025-09-03 15:00:05 | INFO | Processing message: I love Python!
2025-09-03 15:00:06 | INFO | Generated buzz: Kafka is awesome.
2025-09-03 15:00:06 | INFO | Sent message to topic 'buzzline': Kafka is awesome.
2025-09-03 15:00:06 | INFO | Processing message: Kafka is awesome.
2025-09-03 15:00:07 | INFO | Generated buzz: Streaming data is fun.
2025-09-03 15:00:07 | INFO | Sent message to topic 'buzzline': Streaming data is fun.
2025-09-03 15:00:07 | INFO | Processing message: Streaming data is fun.
2025-09-03 15:00:08 | INFO | Generated buzz: This is a buzz message.
2025-09-03 15:00:08 | INFO | Sent message to topic 'buzzline': This is a buzz message.
2025-09-03 15:00:08 | INFO | Processing message: This is a buzz message.
2025-09-03 15:00:09 | INFO | Generated buzz: Have a great day!
2025-09-03 15:00:09 | INFO | Sent message to topic 'buzzline': Have a great day!
2025-09-03 15:00:09 | INFO | Processing message: Have a great day!
2025-09-03 15:00:10 | INFO | Generated buzz: I love Python!
2025-09-03 15:00:10 | INFO | Sent message to topic 'buzzline': I love Python!
2025-09-03 15:00:10 | INFO | Processing message: I love Python!
2025-09-03 15:00:11 | INFO | Generated buzz: Kafka is awesome.
2025-09-03 15:00:11 | INFO | Sent message to topic 'buzzline': Kafka is awesome.
2025-09-03 15:00:11 | INFO | Processing message: Kafka is awesome.
2025-09-03 15:00:12 | INFO | Generated buzz: Streaming data is fun.
2025-09-03 15:00:12 | INFO | Sent message to topic 'buzzline': Streaming data is fun.
2025-09-03 15:00:12 | INFO | Processing message: Streaming data is fun.
2025-09-03 15:00:13 | INFO | Generated buzz: This is a buzz message.
2025-09-03 15:00:13 | INFO | Sent message to topic 'buzzline': This is a buzz message.
2025-09-03 15:00:13 | INFO | Processing message: This is a buzz message.
2025-09-03 15:00:14 | INFO | Generated buzz: Have a great day!
2025-09-03 15:00:14 | INFO | Sent message to topic 'buzzline': Have a great day!
2025-09-03 15:00:14 | INFO | Processing message: Have a great day!
2025-09-03 15:00:15 | INFO | Generated buzz: I love Python!
2025-09-03 15:00:15 | INFO | Sent message to topic 'buzzline': I love Python!
2025-09-03 15:00:15 | INFO | Processing message: I love Python!
2025-09-03 15:00:16 | INFO | Generated buzz: Kafka is awesome.
2025-09-03 15:00:16 | INFO | Processing message: Kafka is awesome.
2025-09-03 15:00:16 | INFO | Sent message to topic 'buzzline': Kafka is awesome.
2025-09-03 15:00:17 | INFO | Generated buzz: Streaming data is fun.
2025-09-03 15:00:17 | INFO | Sent message to topic 'buzzline': Streaming data is fun.
2025-09-03 15:00:17 | INFO | Processing message: Streaming data is fun.
2025-09-03 15:00:18 | INFO | Generated buzz: This is a buzz message.
2025-09-03 15:00:18 | INFO | Sent message to topic 'buzzline': This is a buzz message.
2025-09-03 15:00:18 | INFO | Processing message: This is a buzz message.
2025-09-03 15:00:19 | INFO | Generated buzz: Have a great day!
2025-09-03 15:00:19 | INFO | Sent message to topic 'buzzline': Have a great day!
2025-09-03 15:00:19 | INFO | Processing message: Have a great day!
2025-09-03 15:00:20 | INFO | Generated buzz: I love Python!
2025-09-03 15:00:20 | INFO | Sent message to topic 'buzzline': I love Python!
2025-09-03 15:00:20 | INFO | Processing message: I love Python!
2025-09-03 15:00:21 | INFO | Generated buzz: Kafka is awesome.
2025-09-03 15:00:21 | INFO | Sent message to topic 'buzzline': Kafka is awesome.
2025-09-03 15:00:21 | INFO | Processing message: Kafka is awesome.
2025-09-03 15:00:22 | INFO | Generated buzz: Streaming data is fun.
2025-09-03 15:00:22 | INFO | Sent message to topic 'buzzline': Streaming data is fun.
2025-09-03 15:00:22 | INFO | Processing message: Streaming data is fun.
2025-09-03 15:00:23 | INFO | Generated buzz: This is a buzz message.
2025-09-03 15:00:23 | INFO | Sent message to topic 'buzzline': This is a buzz message.
2025-09-03 15:00:23 | INFO | Processing message: This is a buzz message.
2025-09-03 15:00:24 | INFO | Generated buzz: Have a great day!
2025-09-03 15:00:24 | INFO | Sent message to topic 'buzzline': Have a great day!
2025-09-03 15:00:24 | INFO | Processing message: Have a great day!
2025-09-03 15:00:25 | INFO | Generated buzz: I love Python!
2025-09-03 15:00:25 | INFO | Sent message to topic 'buzzline': I love Python!
2025-09-03 15:00:25 | INFO | Processing message: I love Python!
2025-09-03 15:00:26 | INFO | Generated buzz: Kafka is awesome.
2025-09-03 15:00:26 | INFO | Sent message to topic 'buzzline': Kafka is awesome.
2025-09-03 15:00:26 | INFO | Processing message: Kafka is awesome.
2025-09-03 15:00:27 | INFO | Generated buzz: Streaming data is fun.
2025-09-03 15:00:27 | INFO | Sent message to topic 'buzzline': Streaming data is fun.
2025-09-03 15:00:27 | INFO | Processing message: Streaming data is fun.
2025-09-03 15:00:28 | INFO | Generated buzz: This is a buzz message.
2025-09-03 15:00:28 | INFO | Sent message to topic 'buzzline': This is a buzz message.
2025-09-03 15:00:28 | INFO | Processing message: This is a buzz message.
2025-09-03 15:00:29 | INFO | Generated buzz: Have a great day!
2025-09-03 15:00:29 | INFO | Sent message to topic 'buzzline': Have a great day!
2025-09-03 15:00:29 | INFO | Processing message: Have a great day!
2025-09-03 15:00:30 | INFO | Generated buzz: I love Python!
2025-09-03 15:00:30 | INFO | Sent message to topic 'buzzline': I love Python!
2025-09-03 15:00:30 | INFO | Processing message: I love Python!
2025-09-03 15:00:31 | INFO | Generated buzz: Kafka is awesome.
2025-09-03 15:00:31 | INFO | Sent message to topic 'buzzline': Kafka is awesome.
2025-09-03 15:00:31 | INFO | Processing message: Kafka is awesome.
2025-09-03 15:00:32 | INFO | Generated buzz: Streaming data is fun.
2025-09-03 15:00:32 | INFO | Sent message to topic 'buzzline': Streaming data is fun.
2025-09-03 15:00:32 | INFO | Processing message: Streaming data is fun.
2025-09-03 15:00:33 | INFO | Generated buzz: This is a buzz message.
2025-09-03 15:00:33 | INFO | Sent message to topic 'buzzline': This is a buzz message.
2025-09-03 15:00:33 | INFO | Processing message: This is a buzz message.
2025-09-03 15:00:34 | INFO | Generated buzz: Have a great day!
2025-09-03 15:00:34 | INFO | Sent message to topic 'buzzline': Have a great day!
2025-09-03 15:00:34 | INFO | Processing message: Have a great day!
2025-09-03 15:00:35 | INFO | Generated buzz: I love Python!
2025-09-03 15:00:35 | INFO | Sent message to topic 'buzzline': I love Python!
2025-09-03 15:00:35 | INFO | Processing message: I love Python!
2025-09-03 15:00:36 | INFO | Generated buzz: Kafka is awesome.
2025-09-03 15:00:36 | INFO | Sent message to topic 'buzzline': Kafka is awesome.
2025-09-03 15:00:36 | INFO | Processing message: Kafka is awesome.
2025-09-03 15:00:37 | INFO | Generated buzz: Streaming data is fun.
2025-09-03 15:00:37 | INFO | Sent message to topic 'buzzline': Streaming data is fun.
2025-09-03 15:00:37 | INFO | Processing message: Streaming data is fun.
2025-09-03 15:00:38 | INFO | Generated buzz: This is a buzz message.
2025-09-03 15:00:38 | INFO | Sent message to topic 'buzzline': This is a buzz message.
2025-09-03 15:00:38 | INFO | Processing message: This is a buzz message.
2025-09-03 15:00:39 | INFO | Generated buzz: Have a great day!
2025-09-03 15:00:39 | INFO | Sent message to topic 'buzzline': Have a great day!
2025-09-03 15:00:39 | INFO | Processing message: Have a great day!
2025-09-03 15:00:40 | INFO | Generated buzz: I love Python!
2025-09-03 15:00:40 | INFO | Sent message to topic 'buzzline': I love Python!
2025-09-03 15:00:40 | INFO | Processing message: I love Python!
2025-09-03 15:00:41 | INFO | Generated buzz: Kafka is awesome.
2025-09-03 15:00:41 | INFO | Sent message to topic 'buzzline': Kafka is awesome.
2025-09-03 15:00:41 | INFO | Processing message: Kafka is awesome.
2025-09-03 15:00:42 | INFO | Generated buzz: Streaming data is fun.
2025-09-03 15:00:42 | INFO | Sent message to topic 'buzzline': Streaming data is fun.
2025-09-03 15:00:42 | INFO | Processing message: Streaming data is fun.
2025-09-03 15:00:43 | INFO | Generated buzz: This is a buzz message.
2025-09-03 15:00:43 | INFO | Sent message to topic 'buzzline': This is a buzz message.
2025-09-03 15:00:43 | INFO | Processing message: This is a buzz message.
2025-09-03 15:00:44 | INFO | Generated buzz: Have a great day!
2025-09-03 15:00:44 | INFO | Sent message to topic 'buzzline': Have a great day!
2025-09-03 15:00:44 | INFO | Processing message: Have a great day!
2025-09-03 15:00:45 | INFO | Generated buzz: I love Python!
2025-09-03 15:00:45 | INFO | Sent message to topic 'buzzline': I love Python!
2025-09-03 15:00:45 | INFO | Processing message: I love Python!
2025-09-03 15:00:46 | INFO | Generated buzz: Kafka is awesome.
2025-09-03 15:00:46 | INFO | Sent message to topic 'buzzline': Kafka is awesome.
2025-09-03 15:00:46 | INFO | Processing message: Kafka is awesome.
2025-09-03 15:00:47 | INFO | Generated buzz: Streaming data is fun.
2025-09-03 15:00:47 | INFO | Sent message to topic 'buzzline': Streaming data is fun.
2025-09-03 15:00:47 | INFO | Processing message: Streaming data is fun.
2025-09-03 15:00:48 | INFO | Generated buzz: This is a buzz message.
2025-09-03 15:00:48 | INFO | Sent message to topic 'buzzline': This is a buzz message.
2025-09-03 15:00:48 | INFO | Processing message: This is a buzz message.
2025-09-03 15:00:49 | INFO | Generated buzz: Have a great day!
2025-09-03 15:00:49 | INFO | Sent message to topic 'buzzline': Have a great day!
2025-09-03 15:00:49 | INFO | Processing message: Have a great day!
2025-09-03 15:00:50 | INFO | Generated buzz: I love Python!
2025-09-03 15:00:50 | INFO | Sent message to topic 'buzzline': I love Python!
2025-09-03 15:00:50 | INFO | Processing message: I love Python!
2025-09-03 15:00:51 | INFO | Generated buzz: Kafka is awesome.
2025-09-03 15:00:51 | INFO | Sent message to topic 'buzzline': Kafka is awesome.
2025-09-03 15:00:51 | INFO | Processing message: Kafka is awesome.
2025-09-03 15:00:52 | INFO | Generated buzz: Streaming data is fun.
2025-09-03 15:00:52 | INFO | Sent message to topic 'buzzline': Streaming data is fun.
2025-09-03 15:00:52 | INFO | Processing message: Streaming data is fun.
2025-09-03 15:00:53 | INFO | Generated buzz: This is a buzz message.
2025-09-03 15:00:53 | INFO | Sent message to topic 'buzzline': This is a buzz message.
2025-09-03 15:00:53 | INFO | Processing message: This is a buzz message.
2025-09-03 15:00:54 | INFO | Generated buzz: Have a great day!
2025-09-03 15:00:54 | INFO | Sent message to topic 'buzzline': Have a great day!
2025-09-03 15:00:54 | INFO | Processing message: Have a great day!
2025-09-03 15:00:55 | INFO | Generated buzz: I love Python!
2025-09-03 15:00:55 | INFO | Sent message to topic 'buzzline': I love Python!
2025-09-03 15:00:55 | INFO | Processing message: I love Python!
2025-09-03 15:00:56 | INFO | Generated buzz: Kafka is awesome.
2025-09-03 15:00:56 | INFO | Sent message to topic 'buzzline': Kafka is awesome.
2025-09-03 15:00:56 | INFO | Processing message: Kafka is awesome.
2025-09-03 15:00:57 | INFO | Generated buzz: Streaming data is fun.
2025-09-03 15:00:57 | INFO | Sent message to topic 'buzzline': Streaming data is fun.
2025-09-03 15:00:57 | INFO | Processing message: Streaming data is fun.
2025-09-03 15:00:58 | INFO | Generated buzz: This is a buzz message.
2025-09-03 15:00:58 | INFO | Sent message to topic 'buzzline': This is a buzz message.
2025-09-03 15:00:58 | INFO | Processing message: This is a buzz message.
2025-09-03 15:00:59 | INFO | Generated buzz: Have a great day!
2025-09-03 15:00:59 | INFO | Sent message to topic 'buzzline': Have a great day!
2025-09-03 15:00:59 | INFO | Processing message: Have a great day!
2025-09-03 15:01:00 | INFO | Generated buzz: I love Python!
2025-09-03 15:01:00 | INFO | Sent message to topic 'buzzline': I love Python!
2025-09-03 15:01:00 | INFO | Processing message: I love Python!
2025-09-03 15:01:01 | INFO | Generated buzz: Kafka is awesome.
2025-09-03 15:01:01 | INFO | Sent message to topic 'buzzline': Kafka is awesome.
2025-09-03 15:01:01 | INFO | Processing message: Kafka is awesome.
2025-09-03 15:01:02 | INFO | Generated buzz: Streaming data is fun.
2025-09-03 15:01:02 | INFO | Sent message to topic 'buzzline': Streaming data is fun.
2025-09-03 15:01:02 | INFO | Processing message: Streaming data is fun.
2025-09-03 15:01:03 | INFO | Generated buzz: This is a buzz message.
2025-09-03 15:01:03 | INFO | Sent message to topic 'buzzline': This is a buzz message.
2025-09-03 15:01:03 | INFO | Processing message: This is a buzz message.
2025-09-03 15:01:04 | INFO | Generated buzz: Have a great day!
2025-09-03 15:01:04 | INFO | Sent message to topic 'buzzline': Have a great day!
2025-09-03 15:01:04 | INFO | Processing message: Have a great day!
2025-09-03 15:01:05 | INFO | Generated buzz: I love Python!
2025-09-03 15:01:05 | INFO | Sent message to topic 'buzzline': I love Python!
2025-09-03 15:01:05 | INFO | Processing message: I love Python!
2025-09-03 15:01:06 | INFO | Generated buzz: Kafka is awesome.
2025-09-03 15:01:06 | INFO | Sent message to topic 'buzzline': Kafka is awesome.
2025-09-03 15:01:06 | INFO | Processing message: Kafka is awesome.
2025-09-03 15:01:07 | INFO | Generated buzz: Streaming data is fun.
2025-09-03 15:01:07 | INFO | Sent message to topic 'buzzline': Streaming data is fun.
2025-09-03 15:01:07 | INFO | Processing message: Streaming data is fun.
2025-09-03 15:01:08 | INFO | Generated buzz: This is a buzz message.
2025-09-03 15:01:08 | INFO | Processing message: This is a buzz message.
2025-09-03 15:01:08 | INFO | Sent message to topic 'buzzline': This is a buzz message.
2025-09-03 15:01:09 | INFO | Generated buzz: Have a great day!
2025-09-03 15:01:09 | INFO | Sent message to topic 'buzzline': Have a great day!
2025-09-03 15:01:09 | INFO | Processing message: Have a great day!
2025-09-03 15:01:10 | INFO | Generated buzz: I love Python!
2025-09-03 15:01:10 | INFO | Sent message to topic 'buzzline': I love Python!
2025-09-03 15:01:10 | INFO | Processing message: I love Python!
2025-09-03 15:01:11 | INFO | Generated buzz: Kafka is awesome.
2025-09-03 15:01:11 | INFO | Sent message to topic 'buzzline': Kafka is awesome.
2025-09-03 15:01:11 | INFO | Processing message: Kafka is awesome.
2025-09-03 15:01:12 | INFO | Generated buzz: Streaming data is fun.
2025-09-03 15:01:12 | INFO | Sent message to topic 'buzzline': Streaming data is fun.
2025-09-03 15:01:12 | INFO | Processing message: Streaming data is fun.
2025-09-03 15:01:13 | INFO | Generated buzz: This is a buzz message.
2025-09-03 15:01:13 | INFO | Sent message to topic 'buzzline': This is a buzz message.
2025-09-03 15:01:13 | INFO | Processing message: This is a buzz message.
2025-09-03 15:01:14 | INFO | Generated buzz: Have a great day!
2025-09-03 15:01:14 | INFO | Sent message to topic 'buzzline': Have a great day!
2025-09-03 15:01:14 | INFO | Processing message: Have a great day!
2025-09-03 15:01:15 | INFO | Generated buzz: I love Python!
2025-09-03 15:01:15 | INFO | Sent message to topic 'buzzline': I love Python!
2025-09-03 15:01:15 | INFO | Processing message: I love Python!
2025-09-03 15:01:16 | INFO | Generated buzz: Kafka is awesome.
2025-09-03 15:01:16 | INFO | Sent message to topic 'buzzline': Kafka is awesome.
2025-09-03 15:01:16 | INFO | Processing message: Kafka is awesome.
2025-09-03 15:01:17 | INFO | Generated buzz: Streaming data is fun.
2025-09-03 15:01:17 | INFO | Sent message to topic 'buzzline': Streaming data is fun.
2025-09-03 15:01:17 | INFO | Processing message: Streaming data is fun.
2025-09-03 15:01:18 | INFO | Generated buzz: This is a buzz message.
2025-09-03 15:01:18 | INFO | Sent message to topic 'buzzline': This is a buzz message.
2025-09-03 15:01:18 | INFO | Processing message: This is a buzz message.
2025-09-03 15:01:19 | INFO | Generated buzz: Have a great day!
2025-09-03 15:01:19 | INFO | Sent message to topic 'buzzline': Have a great day!
2025-09-03 15:01:19 | INFO | Processing message: Have a great day!
2025-09-03 15:01:20 | INFO | Generated buzz: I love Python!
2025-09-03 15:01:20 | INFO | Sent message to topic 'buzzline': I love Python!
2025-09-03 15:01:20 | INFO | Processing message: I love Python!
2025-09-03 15:01:21 | INFO | Generated buzz: Kafka is awesome.
2025-09-03 15:01:21 | INFO | Sent message to topic 'buzzline': Kafka is awesome.
2025-09-03 15:01:21 | INFO | Processing message: Kafka is awesome.
2025-09-03 15:01:22 | INFO | Generated buzz: Streaming data is fun.
2025-09-03 15:01:22 | INFO | Sent message to topic 'buzzline': Streaming data is fun.
2025-09-03 15:01:22 | INFO | Processing message: Streaming data is fun.
